<?xml version="1.0" encoding="UTF-8"?>
<testsuite xmlns:xsi="http://www.w3.org/2001/XMLSchema-instance" xsi:noNamespaceSchemaLocation="https://maven.apache.org/surefire/maven-surefire-plugin/xsd/surefire-test-report.xsd" name="com.banking.transactiondetails.statement.StatementValidatorTest" time="0.1" tests="4" errors="0" skipped="0" failures="0">
  <properties>
[...]
</properties>
  <testcase name="testPrepareResponse" classname="com.banking.transactiondetails.statement.StatementValidatorTest" time="0"/>
  <testcase name="testInvalidToDate" classname="com.banking.transactiondetails.statement.StatementValidatorTest" time="0.084"/>
  <testcase name="testAccountNumberEmpty" classname="com.banking.transactiondetails.statement.StatementValidatorTest" time="0"/>
  <testcase name="testInvalidFromDate" classname="com.banking.transactiondetails.statement.StatementValidatorTest" time="0"/>
</testsuite>